<?xml version="1.0" encoding="UTF-8"?>
<!-- Generated by org.testng.reporters.JUnitXMLReporter -->
<testsuite ignored="16" hostname="Patel-G" failures="0" tests="1" name="Default test" time="0.081" errors="0" timestamp="2024-07-24T10:56:19 IST">
  <testcase classname="List.ArrayListPrograms" name="addElementsToArrayList5" time="0.017"/>
  <testcase classname="List.ArrayListPrograms" name="addElementsToArrayList3" time="0.0">
    <ignored/>
  </testcase> <!-- addElementsToArrayList3 -->
  <testcase classname="List.ArrayListPrograms" name="addElementsToArrayList2" time="0.0">
    <ignored/>
  </testcase> <!-- addElementsToArrayList2 -->
  <testcase classname="List.ArrayListPrograms" name="readElementsFromArrayList" time="0.0">
    <ignored/>
  </testcase> <!-- readElementsFromArrayList -->
  <testcase classname="List.ArrayListPrograms" name="indexOfArrayList" time="0.0">
    <ignored/>
  </testcase> <!-- indexOfArrayList -->
  <testcase classname="List.ArrayListPrograms" name="Example" time="0.0">
    <ignored/>
  </testcase> <!-- Example -->
  <testcase classname="List.ArrayListPrograms" name="readElementsInBothDirection" time="0.0">
    <ignored/>
  </testcase> <!-- readElementsInBothDirection -->
  <testcase classname="List.ArrayListPrograms" name="readElementsFromArrayList2" time="0.0">
    <ignored/>
  </testcase> <!-- readElementsFromArrayList2 -->
  <testcase classname="List.ArrayListPrograms" name="readElementsFromArrayList3" time="0.0">
    <ignored/>
  </testcase> <!-- readElementsFromArrayList3 -->
  <testcase classname="List.ArrayListPrograms" name="sizeOfArrayList" time="0.0">
    <ignored/>
  </testcase> <!-- sizeOfArrayList -->
  <testcase classname="List.ArrayListPrograms" name="retainAllOfArrayList" time="0.0">
    <ignored/>
  </testcase> <!-- retainAllOfArrayList -->
  <testcase classname="List.ArrayListPrograms" name="clearAllFromArrayList" time="0.0">
    <ignored/>
  </testcase> <!-- clearAllFromArrayList -->
  <testcase classname="List.ArrayListPrograms" name="addElementsToArrayList" time="0.0">
    <ignored/>
  </testcase> <!-- addElementsToArrayList -->
  <testcase classname="List.ArrayListPrograms" name="containsElement" time="0.0">
    <ignored/>
  </testcase> <!-- containsElement -->
  <testcase classname="List.ArrayListPrograms" name="addElementsToArrayList4" time="0.0">
    <ignored/>
  </testcase> <!-- addElementsToArrayList4 -->
  <testcase classname="List.ArrayListPrograms" name="removeElementsfromArrayList" time="0.0">
    <ignored/>
  </testcase> <!-- removeElementsfromArrayList -->
  <testcase classname="List.ArrayListPrograms" name="readElementsUsingForEach" time="0.0">
    <ignored/>
  </testcase> <!-- readElementsUsingForEach -->
</testsuite> <!-- Default test -->
