<?xml version="1.0" encoding="UTF-8"?>
<testng-results ignored="16" total="17" passed="1" failed="0" skipped="0">
  <reporter-output>
  </reporter-output>
  <suite started-at="2024-07-24T10:56:19 IST" name="Default suite" finished-at="2024-07-24T10:56:19 IST" duration-ms="81">
    <groups>
    </groups>
    <test started-at="2024-07-24T10:56:19 IST" name="Default test" finished-at="2024-07-24T10:56:19 IST" duration-ms="81">
      <class name="List.ArrayListPrograms">
        <test-method signature="addElementsToArrayList5()[pri:0, instance:List.ArrayListPrograms@6392827e]" started-at="2024-07-24T10:56:19 IST" name="addElementsToArrayList5" finished-at="2024-07-24T10:56:19 IST" duration-ms="17" status="PASS">
          <reporter-output>
          </reporter-output>
        </test-method> <!-- addElementsToArrayList5 -->
      </class> <!-- List.ArrayListPrograms -->
    </test> <!-- Default test -->
  </suite> <!-- Default suite -->
</testng-results>
